nohup: ignoring input
hello!
Interface eth0, index:2, IP address: 172.22.15.151
eBPF program attached to traffic control subsystem
Packet Capture Started, Please Ctrl+C to stop

------------------------------------------- 1s -----------------------------------------------
connections count:0
------------------------------------------- 2s -----------------------------------------------
connections count:0
------------------------------------------- 3s -----------------------------------------------
connections count:0
------------------------------------------- 4s -----------------------------------------------
connections count:0
------------------------------------------- 5s -----------------------------------------------
connections count:0
------------------------------------------- 6s -----------------------------------------------
connections count:0
------------------------------------------- 7s -----------------------------------------------
connections count:0
------------------------------------------- 8s -----------------------------------------------
connections count:0
------------------------------------------- 9s -----------------------------------------------
connections count:0
------------------------------------------- 10s -----------------------------------------------
connections count:0
------------------------------------------- 11s -----------------------------------------------
connections count:0
------------------------------------------- 12s -----------------------------------------------
connections count:0
------------------------------------------- 13s -----------------------------------------------
connections count:0
------------------------------------------- 14s -----------------------------------------------
connections count:0
------------------------------------------- 15s -----------------------------------------------
connections count:0
------------------------------------------- 16s -----------------------------------------------
connections count:0
------------------------------------------- 17s -----------------------------------------------
connections count:0
------------------------------------------- 18s -----------------------------------------------
connections count:0
------------------------------------------- 19s -----------------------------------------------
connections count:0
------------------------------------------- 20s -----------------------------------------------
connections count:0
------------------------------------------- 21s -----------------------------------------------
connections count:0
------------------------------------------- 22s -----------------------------------------------
connections count:0
------------------------------------------- 23s -----------------------------------------------
connections count:0
------------------------------------------- 24s -----------------------------------------------
connections count:0
------------------------------------------- 25s -----------------------------------------------
connections count:0
------------------------------------------- 26s -----------------------------------------------
connections count:0
------------------------------------------- 27s -----------------------------------------------
connections count:0
------------------------------------------- 28s -----------------------------------------------
connections count:0
------------------------------------------- 29s -----------------------------------------------
connections count:0
------------------------------------------- 30s -----------------------------------------------
connections count:0
------------------------------------------- 31s -----------------------------------------------
connections count:0
------------------------------------------- 32s -----------------------------------------------
connections count:0
------------------------------------------- 33s -----------------------------------------------
connections count:0
------------------------------------------- 34s -----------------------------------------------
connections count:0
------------------------------------------- 35s -----------------------------------------------
connections count:0
------------------------------------------- 36s -----------------------------------------------
connections count:0
------------------------------------------- 37s -----------------------------------------------
connections count:0
------------------------------------------- 38s -----------------------------------------------
connections count:0
------------------------------------------- 39s -----------------------------------------------
connections count:0
------------------------------------------- 40s -----------------------------------------------
connections count:0
------------------------------------------- 41s -----------------------------------------------
connections count:0
------------------------------------------- 42s -----------------------------------------------
connections count:0
------------------------------------------- 43s -----------------------------------------------
connections count:0
------------------------------------------- 44s -----------------------------------------------
connections count:0
------------------------------------------- 45s -----------------------------------------------
connections count:0
------------------------------------------- 46s -----------------------------------------------
connections count:0
------------------------------------------- 47s -----------------------------------------------
connections count:0
------------------------------------------- 48s -----------------------------------------------
connections count:0
------------------------------------------- 49s -----------------------------------------------
connections count:0
------------------------------------------- 50s -----------------------------------------------
connections count:0
------------------------------------------- 51s -----------------------------------------------
connections count:0
------------------------------------------- 52s -----------------------------------------------
connections count:0
------------------------------------------- 53s -----------------------------------------------
connections count:0
------------------------------------------- 54s -----------------------------------------------
connections count:0
------------------------------------------- 55s -----------------------------------------------
connections count:0
------------------------------------------- 56s -----------------------------------------------
connections count:0
------------------------------------------- 57s -----------------------------------------------
connections count:0
------------------------------------------- 58s -----------------------------------------------
connections count:0
------------------------------------------- 59s -----------------------------------------------
connections count:0
------------------------------------------- 60s -----------------------------------------------
connections count:0
------------------------------------------- 61s -----------------------------------------------
connections count:0
------------------------------------------- 62s -----------------------------------------------
connections count:0
------------------------------------------- 63s -----------------------------------------------
connections count:0
------------------------------------------- 64s -----------------------------------------------
connections count:0
------------------------------------------- 65s -----------------------------------------------
connections count:0
------------------------------------------- 66s -----------------------------------------------
connections count:0
------------------------------------------- 67s -----------------------------------------------
connections count:0
------------------------------------------- 68s -----------------------------------------------
connections count:0
------------------------------------------- 69s -----------------------------------------------
connections count:0
------------------------------------------- 70s -----------------------------------------------
connections count:0
------------------------------------------- 71s -----------------------------------------------
connections count:0
------------------------------------------- 72s -----------------------------------------------
connections count:0
------------------------------------------- 73s -----------------------------------------------
connections count:0
------------------------------------------- 74s -----------------------------------------------
connections count:0
------------------------------------------- 75s -----------------------------------------------
connections count:0
------------------------------------------- 76s -----------------------------------------------
connections count:0
------------------------------------------- 77s -----------------------------------------------
connections count:0
------------------------------------------- 78s -----------------------------------------------
connections count:0
------------------------------------------- 79s -----------------------------------------------
connections count:0
------------------------------------------- 80s -----------------------------------------------
connections count:0
------------------------------------------- 81s -----------------------------------------------
connections count:0
------------------------------------------- 82s -----------------------------------------------
connections count:0
------------------------------------------- 83s -----------------------------------------------
connections count:0
------------------------------------------- 84s -----------------------------------------------
connections count:0
------------------------------------------- 85s -----------------------------------------------
connections count:0
------------------------------------------- 86s -----------------------------------------------
connections count:0
------------------------------------------- 87s -----------------------------------------------
connections count:0
------------------------------------------- 88s -----------------------------------------------
connections count:0
------------------------------------------- 89s -----------------------------------------------
connections count:0
------------------------------------------- 90s -----------------------------------------------
connections count:0
------------------------------------------- 91s -----------------------------------------------
connections count:0
------------------------------------------- 92s -----------------------------------------------
connections count:0
------------------------------------------- 93s -----------------------------------------------
connections count:0
------------------------------------------- 94s -----------------------------------------------
connections count:0
------------------------------------------- 95s -----------------------------------------------
connections count:0
------------------------------------------- 96s -----------------------------------------------
connections count:0
------------------------------------------- 97s -----------------------------------------------
connections count:0
------------------------------------------- 98s -----------------------------------------------
connections count:0
------------------------------------------- 99s -----------------------------------------------
connections count:0
------------------------------------------- 100s -----------------------------------------------
connections count:0
------------------------------------------- 101s -----------------------------------------------
connections count:0
------------------------------------------- 102s -----------------------------------------------
connections count:0
------------------------------------------- 103s -----------------------------------------------
connections count:0
------------------------------------------- 104s -----------------------------------------------
connections count:0
------------------------------------------- 105s -----------------------------------------------
connections count:0
------------------------------------------- 106s -----------------------------------------------
connections count:0
------------------------------------------- 107s -----------------------------------------------
connections count:0
------------------------------------------- 108s -----------------------------------------------
connections count:0
------------------------------------------- 109s -----------------------------------------------
connections count:0
------------------------------------------- 110s -----------------------------------------------
connections count:0
------------------------------------------- 111s -----------------------------------------------
connections count:0
------------------------------------------- 112s -----------------------------------------------
connections count:0
------------------------------------------- 113s -----------------------------------------------
connections count:0
------------------------------------------- 114s -----------------------------------------------
connections count:0
------------------------------------------- 115s -----------------------------------------------
connections count:0
------------------------------------------- 116s -----------------------------------------------
connections count:0
------------------------------------------- 117s -----------------------------------------------
connections count:0
------------------------------------------- 118s -----------------------------------------------
connections count:0
------------------------------------------- 119s -----------------------------------------------
connections count:0
------------------------------------------- 120s -----------------------------------------------
connections count:0
------------------------------------------- 121s -----------------------------------------------
connections count:0
------------------------------------------- 122s -----------------------------------------------
connections count:0
------------------------------------------- 123s -----------------------------------------------
connections count:0
------------------------------------------- 124s -----------------------------------------------
connections count:0
------------------------------------------- 125s -----------------------------------------------
connections count:0
------------------------------------------- 126s -----------------------------------------------
connections count:0
------------------------------------------- 127s -----------------------------------------------
connections count:0
------------------------------------------- 128s -----------------------------------------------
connections count:0
------------------------------------------- 129s -----------------------------------------------
connections count:0
------------------------------------------- 130s -----------------------------------------------
connections count:0
------------------------------------------- 131s -----------------------------------------------
connections count:0
------------------------------------------- 132s -----------------------------------------------
connections count:0
------------------------------------------- 133s -----------------------------------------------
connections count:0
------------------------------------------- 134s -----------------------------------------------
connections count:0
------------------------------------------- 135s -----------------------------------------------
connections count:0
------------------------------------------- 136s -----------------------------------------------
connections count:0
------------------------------------------- 137s -----------------------------------------------
connections count:0
------------------------------------------- 138s -----------------------------------------------
connections count:0
------------------------------------------- 139s -----------------------------------------------
connections count:0
------------------------------------------- 140s -----------------------------------------------
connections count:0
------------------------------------------- 141s -----------------------------------------------
connections count:0
------------------------------------------- 142s -----------------------------------------------
connections count:0
------------------------------------------- 143s -----------------------------------------------
connections count:0
------------------------------------------- 144s -----------------------------------------------
connections count:0
------------------------------------------- 145s -----------------------------------------------
connections count:0
------------------------------------------- 146s -----------------------------------------------
connections count:0
------------------------------------------- 147s -----------------------------------------------
connections count:0
------------------------------------------- 148s -----------------------------------------------
connections count:0
------------------------------------------- 149s -----------------------------------------------
connections count:0
------------------------------------------- 150s -----------------------------------------------
connections count:0
------------------------------------------- 151s -----------------------------------------------
connections count:0
------------------------------------------- 152s -----------------------------------------------
connections count:0
------------------------------------------- 153s -----------------------------------------------
connections count:0
------------------------------------------- 154s -----------------------------------------------
connections count:0
------------------------------------------- 155s -----------------------------------------------
connections count:0
------------------------------------------- 156s -----------------------------------------------
connections count:0
------------------------------------------- 157s -----------------------------------------------
connections count:0
------------------------------------------- 158s -----------------------------------------------
connections count:0
------------------------------------------- 159s -----------------------------------------------
connections count:0
------------------------------------------- 160s -----------------------------------------------
connections count:0
------------------------------------------- 161s -----------------------------------------------
connections count:0
------------------------------------------- 162s -----------------------------------------------
connections count:0
------------------------------------------- 163s -----------------------------------------------
connections count:0
------------------------------------------- 164s -----------------------------------------------
connections count:0
------------------------------------------- 165s -----------------------------------------------
connections count:0
------------------------------------------- 166s -----------------------------------------------
connections count:0
------------------------------------------- 167s -----------------------------------------------
connections count:0
------------------------------------------- 168s -----------------------------------------------
connections count:0
------------------------------------------- 169s -----------------------------------------------
connections count:0
------------------------------------------- 170s -----------------------------------------------
connections count:0
------------------------------------------- 171s -----------------------------------------------
connections count:0
------------------------------------------- 172s -----------------------------------------------
connections count:0
------------------------------------------- 173s -----------------------------------------------
connections count:0
------------------------------------------- 174s -----------------------------------------------
connections count:0
------------------------------------------- 175s -----------------------------------------------
connections count:0
------------------------------------------- 176s -----------------------------------------------
connections count:0
------------------------------------------- 177s -----------------------------------------------
connections count:0
------------------------------------------- 178s -----------------------------------------------
connections count:0
------------------------------------------- 179s -----------------------------------------------
connections count:0
------------------------------------------- 180s -----------------------------------------------
connections count:0
------------------------------------------- 181s -----------------------------------------------
connections count:0
------------------------------------------- 182s -----------------------------------------------
connections count:0
------------------------------------------- 183s -----------------------------------------------
connections count:0
------------------------------------------- 184s -----------------------------------------------
connections count:0
------------------------------------------- 185s -----------------------------------------------
connections count:0
------------------------------------------- 186s -----------------------------------------------
connections count:0
------------------------------------------- 187s -----------------------------------------------
connections count:0
------------------------------------------- 188s -----------------------------------------------
connections count:0
------------------------------------------- 189s -----------------------------------------------
connections count:0
------------------------------------------- 190s -----------------------------------------------
connections count:0
------------------------------------------- 191s -----------------------------------------------
connections count:0
------------------------------------------- 192s -----------------------------------------------
connections count:0
------------------------------------------- 193s -----------------------------------------------
connections count:0
------------------------------------------- 194s -----------------------------------------------
connections count:0
------------------------------------------- 195s -----------------------------------------------
connections count:0
------------------------------------------- 196s -----------------------------------------------
connections count:0
------------------------------------------- 197s -----------------------------------------------
connections count:0
------------------------------------------- 198s -----------------------------------------------
connections count:0
------------------------------------------- 199s -----------------------------------------------
connections count:0
------------------------------------------- 200s -----------------------------------------------
connections count:0
------------------------------------------- 201s -----------------------------------------------
connections count:0
------------------------------------------- 202s -----------------------------------------------
connections count:0
------------------------------------------- 203s -----------------------------------------------
connections count:0
------------------------------------------- 204s -----------------------------------------------
connections count:0
------------------------------------------- 205s -----------------------------------------------
connections count:0
------------------------------------------- 206s -----------------------------------------------
connections count:0
------------------------------------------- 207s -----------------------------------------------
connections count:0
------------------------------------------- 208s -----------------------------------------------
connections count:0
------------------------------------------- 209s -----------------------------------------------
connections count:0
------------------------------------------- 210s -----------------------------------------------
connections count:0
------------------------------------------- 211s -----------------------------------------------
connections count:0
------------------------------------------- 212s -----------------------------------------------
connections count:0
------------------------------------------- 213s -----------------------------------------------
connections count:0
------------------------------------------- 214s -----------------------------------------------
connections count:0
------------------------------------------- 215s -----------------------------------------------
connections count:0
------------------------------------------- 216s -----------------------------------------------
connections count:0
------------------------------------------- 217s -----------------------------------------------
connections count:0
------------------------------------------- 218s -----------------------------------------------
connections count:0
------------------------------------------- 219s -----------------------------------------------
connections count:0
------------------------------------------- 220s -----------------------------------------------
connections count:0
------------------------------------------- 221s -----------------------------------------------
connections count:0
------------------------------------------- 222s -----------------------------------------------
connections count:0
------------------------------------------- 223s -----------------------------------------------
connections count:0
------------------------------------------- 224s -----------------------------------------------
connections count:0
------------------------------------------- 225s -----------------------------------------------
connections count:0
------------------------------------------- 226s -----------------------------------------------
connections count:0
------------------------------------------- 227s -----------------------------------------------
connections count:0
------------------------------------------- 228s -----------------------------------------------
connections count:0
------------------------------------------- 229s -----------------------------------------------
connections count:0
------------------------------------------- 230s -----------------------------------------------
connections count:0
------------------------------------------- 231s -----------------------------------------------
connections count:0
------------------------------------------- 232s -----------------------------------------------
connections count:0
------------------------------------------- 233s -----------------------------------------------
connections count:0
------------------------------------------- 234s -----------------------------------------------
connections count:0
------------------------------------------- 235s -----------------------------------------------
connections count:0
------------------------------------------- 236s -----------------------------------------------
connections count:0
------------------------------------------- 237s -----------------------------------------------
connections count:0
------------------------------------------- 238s -----------------------------------------------
connections count:0
------------------------------------------- 239s -----------------------------------------------
connections count:0
------------------------------------------- 240s -----------------------------------------------
connections count:0
------------------------------------------- 241s -----------------------------------------------
connections count:0
------------------------------------------- 242s -----------------------------------------------
connections count:0
------------------------------------------- 243s -----------------------------------------------
connections count:0
------------------------------------------- 244s -----------------------------------------------
connections count:0
------------------------------------------- 245s ----------------------------------