Interface eth0, index:2, IP address: 172.22.15.151
eBPF program attached to traffic control subsystem
Packet Capture Started, Please Ctrl+C to stop

Destination Port: 443
Flow Duration: 869736
Total Fwd Packets: 10
Total Length of Fwd Packets: 2697
Fwd Packet Length Max: 1632
Fwd Packet Length Min: 0
Fwd Packet Length Mean: 269.7
Bwd Packet Length Max: 4532
Bwd Packet Length Min: 0
Flow Bytes/s: 9077.47
Flow Packets/s: 19.5462
Flow IAT Mean: 54358.5
Flow IAT Std: 90040.7
Flow IAT Max: 226159
Flow IAT Min: 9
Fwd IAT Mean: 96637.3
Fwd IAT Std: 106804
Fwd IAT Min: 63
Bwd IAT Total: 664551
Bwd IAT Mean: 110758
Bwd IAT Std: 103456
Bwd IAT Max: 227631
Bwd IAT Min: 9
Fwd PSH Flags: 0
Fwd URG Flags: 0
Fwd Header Length: 328
Bwd Header Length: 244
Bwd Packets/s: 8.04842
Min Packet Length: 0
Max Packet Length: 4532
Packet Length Mean: 464.412
Packet Length Variance: 1.19509e+06
FIN Flag Count: 2
RST Flag Count: 0
PSH Flag Count: 8
ACK Flag Count: 16
URG Flag Count: 0
Down/Up Ratio: 0.7
Init_Win_bytes_forward: 32120
Init_Win_bytes_backward: 16386
act_data_pkt_fwd: 4
min_seg_size_forward: 32
Active Mean: replaced by 0 due to NaN or Inf
Active Std: 0
Active Max: replaced by 0 due to NaN or Inf
Active Min: replaced by 0 due to NaN or Inf
Idle Std: 0
Predicted label: 0
